<?xml version="1.0" encoding="UTF-8"?>
<!-- Generated by org.testng.reporters.JUnitReportReporter -->
<testsuite skipped="0" hostname="LAPTOP-2O7S91F9" name="Runner.SampleTest" tests="1" failures="0" timestamp="27 Mar 2019 16:32:23 GMT" time="0.222" errors="0">
  <testcase name="feature" time="0.222" classname="Runner.SampleTest"/>
</testsuite> <!-- Runner.SampleTest -->
